<?xml version="1.0" encoding="UTF-8"?>
<!-- Generated by org.testng.reporters.JUnitXMLReporter -->
<testsuite hostname="dell" ignored="2" name="Default test(failed)" tests="1" failures="1" timestamp="08 Jul 2020 08:14:25 GMT" time="0.051" errors="0">
  <testcase name="logout" time="0.016" classname="com.rameshsoft.selenium.listeners2.FailedTestOne">
    <failure type="java.lang.AssertionError" message="expected [false] but found [true]">
      <![CDATA[java.lang.AssertionError: expected [false] but found [true]
at com.rameshsoft.selenium.listeners2.FailedTestOne.logout(FailedTestOne.java:20)
... Removed 31 stack frames]]>
    </failure>
  </testcase> <!-- logout -->
  <testcase name="login" time="0.0" classname="com.rameshsoft.selenium.listeners2.FailedTestOne">
    <ignored/>
  </testcase> <!-- login -->
  <testcase name="compose" time="0.0" classname="com.rameshsoft.selenium.listeners2.FailedTestOne">
    <ignored/>
  </testcase> <!-- compose -->
</testsuite> <!-- Default test(failed) -->
